<?xml version="1.0" encoding="UTF-8"?>
<!-- Generated by org.testng.reporters.JUnitReportReporter -->
<testsuite skipped="0" hostname="SHARMILA" name="RestAsuured" tests="2" failures="0" timestamp="29 Aug 2020 07:03:48 GMT" time="3.176" errors="0">
  <testcase name="Accessingapi" time="2.585" classname="RestAsuured"/>
  <testcase name="TestGetEndPoint" time="0.591" classname="RestAsuured"/>
</testsuite> <!-- RestAsuured -->
