<?xml version="1.0" encoding="UTF-8"?>
<!-- Generated by org.testng.reporters.JUnitReportReporter -->
<testsuite hostname="SHARMILA" name="com.org.runner.Runner" tests="1" failures="0" timestamp="10 Sep 2020 05:34:57 GMT" time="2.689" errors="0">
  <testcase name="feature" time="2.689" classname="com.org.runner.Runner"/>
</testsuite> <!-- com.org.runner.Runner -->
