<?xml version="1.0" encoding="UTF-8"?>
<!-- Generated by org.testng.reporters.JUnitReportReporter -->
<testsuite skipped="0" hostname="SHARMILA" name="com.org.Testrunner.Runner" tests="1" failures="0" timestamp="03 Sep 2020 06:41:47 GMT" time="61.259" errors="0">
  <testcase name="feature" time="61.259" classname="com.org.Testrunner.Runner"/>
</testsuite> <!-- com.org.Testrunner.Runner -->
