<?xml version="1.0" encoding="UTF-8"?>
<!-- Generated by org.testng.reporters.JUnitReportReporter -->
<testsuite skipped="0" hostname="SHARMILA" name="com.org.zoopla.com.org.zoopla.Searchhomes" tests="1" failures="0" timestamp="02 Sep 2020 23:11:07 GMT" time="11.422" errors="0">
  <testcase name="search_homesinuk" time="11.422" classname="com.org.zoopla.com.org.zoopla.Searchhomes"/>
</testsuite> <!-- com.org.zoopla.com.org.zoopla.Searchhomes -->
