<?xml version="1.0" encoding="UTF-8"?>
<!-- Generated by org.testng.reporters.JUnitReportReporter -->
<testsuite skipped="1" hostname="SHARMILA" name="com.org.wiremock.tesla.rentalcartests.RentalCarsTest" tests="5" failures="0" timestamp="19 Aug 2020 16:17:40 GMT" time="3.729" errors="0">
  <testcase name="getRequest_Returns_ListOf_AllCars" time="1.762" classname="com.org.wiremock.tesla.rentalcartests.RentalCarsTest"/>
  <testcase name="getRequest_Returns_TeslaCarsWith_BlueColor_And_Notes" time="0.730" classname="com.org.wiremock.tesla.rentalcartests.RentalCarsTest"/>
  <testcase name="getRequest_Returns_CarsOf_Lowest_PerDayRent_WithPriceAnd_WithPriceAfterDiscount" time="0.545" classname="com.org.wiremock.tesla.rentalcartests.RentalCarsTest"/>
  <testcase name="getRequest_Returns_CarsWith_HighestRevenue_ForFullYear" time="0.692" classname="com.org.wiremock.tesla.rentalcartests.RentalCarsTest"/>
  <testcase name="getRequest_Returns_CarsWith_Lowest_PerDayRent" classname="com.org.wiremock.tesla.rentalcartests.RentalCarsTest">
    <skipped/>
  </testcase> <!-- getRequest_Returns_CarsWith_Lowest_PerDayRent -->
</testsuite> <!-- com.org.wiremock.tesla.rentalcartests.RentalCarsTest -->
